2016-08-12 16:32:08,364                            DEBUG [SpringJUnit4ClassRunner                 ] - SpringJUnit4ClassRunner constructor called with [class org.learn.text.ServiceTest].
2016-08-12 16:32:08,416                            DEBUG [AbstractDelegatingSmartContextLoader    ] - Delegating to GenericXmlContextLoader to process context configuration [ContextConfigurationAttributes@347448 declaringClass = 'org.learn.text.ServiceTest', locations = '{classpath:applicationContext.xml}', classes = '{}', inheritLocations = true, initializers = '{}', inheritInitializers = true, name = [null], contextLoaderClass = 'org.springframework.test.context.ContextLoader'].
2016-08-12 16:32:08,419                            DEBUG [ContextLoaderUtils                      ] - Could not find an 'annotation declaring class' for annotation type [org.springframework.test.context.ActiveProfiles] and class [org.learn.text.ServiceTest]
2016-08-12 16:32:08,426                            DEBUG [ProfileValueUtils                       ] - Retrieved @ProfileValueSourceConfiguration [null] for test class [org.learn.text.ServiceTest]
2016-08-12 16:32:08,426                            DEBUG [ProfileValueUtils                       ] - Retrieved ProfileValueSource type [class org.springframework.test.annotation.SystemProfileValueSource] for class [org.learn.text.ServiceTest]
2016-08-12 16:32:08,432                            DEBUG [ProfileValueUtils                       ] - Retrieved @ProfileValueSourceConfiguration [null] for test class [org.learn.text.ServiceTest]
2016-08-12 16:32:08,433                            DEBUG [ProfileValueUtils                       ] - Retrieved ProfileValueSource type [class org.springframework.test.annotation.SystemProfileValueSource] for class [org.learn.text.ServiceTest]
2016-08-12 16:32:08,437                            DEBUG [ProfileValueUtils                       ] - Retrieved @ProfileValueSourceConfiguration [null] for test class [org.learn.text.ServiceTest]
2016-08-12 16:32:08,438                            DEBUG [ProfileValueUtils                       ] - Retrieved ProfileValueSource type [class org.springframework.test.annotation.SystemProfileValueSource] for class [org.learn.text.ServiceTest]
2016-08-12 16:32:08,439                            DEBUG [ProfileValueUtils                       ] - Retrieved @ProfileValueSourceConfiguration [null] for test class [org.learn.text.ServiceTest]
2016-08-12 16:32:08,439                            DEBUG [ProfileValueUtils                       ] - Retrieved ProfileValueSource type [class org.springframework.test.annotation.SystemProfileValueSource] for class [org.learn.text.ServiceTest]
2016-08-12 16:32:08,440                            DEBUG [ProfileValueUtils                       ] - Retrieved @ProfileValueSourceConfiguration [null] for test class [org.learn.text.ServiceTest]
2016-08-12 16:32:08,440                            DEBUG [ProfileValueUtils                       ] - Retrieved ProfileValueSource type [class org.springframework.test.annotation.SystemProfileValueSource] for class [org.learn.text.ServiceTest]
2016-08-12 16:32:08,443                            DEBUG [ProfileValueUtils                       ] - Retrieved @ProfileValueSourceConfiguration [null] for test class [org.learn.text.ServiceTest]
2016-08-12 16:32:08,443                            DEBUG [ProfileValueUtils                       ] - Retrieved ProfileValueSource type [class org.springframework.test.annotation.SystemProfileValueSource] for class [org.learn.text.ServiceTest]
2016-08-12 16:32:08,446                            DEBUG [DependencyInjectionTestExecutionListener] - Performing dependency injection for test context [[TestContext@154c08a testClass = ServiceTest, testInstance = org.learn.text.ServiceTest@12cdd20, testMethod = [null], testException = [null], mergedContextConfiguration = [MergedContextConfiguration@6972f1 testClass = ServiceTest, locations = '{classpath:applicationContext.xml}', classes = '{}', contextInitializerClasses = '[]', activeProfiles = '{}', contextLoader = 'org.springframework.test.context.support.DelegatingSmartContextLoader', parent = [null]]]].
2016-08-12 16:32:08,449                            DEBUG [AbstractDelegatingSmartContextLoader    ] - Delegating to GenericXmlContextLoader to load context from [MergedContextConfiguration@6972f1 testClass = ServiceTest, locations = '{classpath:applicationContext.xml}', classes = '{}', contextInitializerClasses = '[]', activeProfiles = '{}', contextLoader = 'org.springframework.test.context.support.DelegatingSmartContextLoader', parent = [null]].
2016-08-12 16:32:08,450                            DEBUG [AbstractGenericContextLoader            ] - Loading ApplicationContext for merged context configuration [[MergedContextConfiguration@6972f1 testClass = ServiceTest, locations = '{classpath:applicationContext.xml}', classes = '{}', contextInitializerClasses = '[]', activeProfiles = '{}', contextLoader = 'org.springframework.test.context.support.DelegatingSmartContextLoader', parent = [null]]].
2016-08-12 16:32:08,597                            DEBUG [AbstractEnvironment                     ] - Initializing new StandardEnvironment
2016-08-12 16:32:08,600                            DEBUG [MutablePropertySources                  ] - Adding [systemProperties] PropertySource with lowest search precedence
2016-08-12 16:32:08,604                            DEBUG [MutablePropertySources                  ] - Adding [systemEnvironment] PropertySource with lowest search precedence
2016-08-12 16:32:08,604                            DEBUG [AbstractEnvironment                     ] - Initialized StandardEnvironment with PropertySources [systemProperties,systemEnvironment]
2016-08-12 16:32:08,626                            INFO  [XmlBeanDefinitionReader                 ] - Loading XML bean definitions from class path resource [applicationContext.xml]
2016-08-12 16:32:08,656                            DEBUG [DefaultDocumentLoader                   ] - Using JAXP provider [com.sun.org.apache.xerces.internal.jaxp.DocumentBuilderFactoryImpl]
2016-08-12 16:32:08,703                            DEBUG [PluggableSchemaResolver                 ] - Loading schema mappings from [META-INF/spring.schemas]
2016-08-12 16:32:08,711                            DEBUG [PluggableSchemaResolver                 ] - Loaded schema mappings: {http://www.springframework.org/schema/util/spring-util.xsd=org/springframework/beans/factory/xml/spring-util-3.2.xsd, http://www.springframework.org/schema/jee/spring-jee-3.2.xsd=org/springframework/ejb/config/spring-jee-3.2.xsd, http://www.springframework.org/schema/beans/spring-beans-3.1.xsd=org/springframework/beans/factory/xml/spring-beans-3.1.xsd, http://www.springframework.org/schema/task/spring-task.xsd=org/springframework/scheduling/config/spring-task-3.2.xsd, http://www.springframework.org/schema/cache/spring-cache.xsd=org/springframework/cache/config/spring-cache-3.2.xsd, http://www.springframework.org/schema/aop/spring-aop-3.0.xsd=org/springframework/aop/config/spring-aop-3.0.xsd, http://www.springframework.org/schema/task/spring-task-3.1.xsd=org/springframework/scheduling/config/spring-task-3.1.xsd, http://www.springframework.org/schema/aop/spring-aop-2.0.xsd=org/springframework/aop/config/spring-aop-2.0.xsd, http://www.springframework.org/schema/tool/spring-tool-2.5.xsd=org/springframework/beans/factory/xml/spring-tool-2.5.xsd, http://www.springframework.org/schema/beans/spring-beans.xsd=org/springframework/beans/factory/xml/spring-beans-3.2.xsd, http://www.springframework.org/schema/jee/spring-jee-2.5.xsd=org/springframework/ejb/config/spring-jee-2.5.xsd, http://www.springframework.org/schema/tool/spring-tool-3.1.xsd=org/springframework/beans/factory/xml/spring-tool-3.1.xsd, http://www.springframework.org/schema/jee/spring-jee-3.1.xsd=org/springframework/ejb/config/spring-jee-3.1.xsd, http://www.springframework.org/schema/aop/spring-aop.xsd=org/springframework/aop/config/spring-aop-3.2.xsd, http://www.springframework.org/schema/context/spring-context-3.2.xsd=org/springframework/context/config/spring-context-3.2.xsd, http://www.springframework.org/schema/util/spring-util-3.2.xsd=org/springframework/beans/factory/xml/spring-util-3.2.xsd, http://www.springframework.org/schema/beans/spring-beans-2.0.xsd=org/springframework/beans/factory/xml/spring-beans-2.0.xsd, http://www.springframework.org/schema/lang/spring-lang-3.2.xsd=org/springframework/scripting/config/spring-lang-3.2.xsd, http://www.springframework.org/schema/beans/spring-beans-3.0.xsd=org/springframework/beans/factory/xml/spring-beans-3.0.xsd, http://www.springframework.org/schema/cache/spring-cache-3.2.xsd=org/springframework/cache/config/spring-cache-3.2.xsd, http://www.springframework.org/schema/task/spring-task-3.0.xsd=org/springframework/scheduling/config/spring-task-3.0.xsd, http://www.springframework.org/schema/context/spring-context-2.5.xsd=org/springframework/context/config/spring-context-2.5.xsd, http://www.springframework.org/schema/tool/spring-tool-3.0.xsd=org/springframework/beans/factory/xml/spring-tool-3.0.xsd, http://www.springframework.org/schema/util/spring-util-2.5.xsd=org/springframework/beans/factory/xml/spring-util-2.5.xsd, http://www.springframework.org/schema/tool/spring-tool-2.0.xsd=org/springframework/beans/factory/xml/spring-tool-2.0.xsd, http://www.springframework.org/schema/lang/spring-lang.xsd=org/springframework/scripting/config/spring-lang-3.2.xsd, http://www.springframework.org/schema/lang/spring-lang-2.5.xsd=org/springframework/scripting/config/spring-lang-2.5.xsd, http://www.springframework.org/schema/aop/spring-aop-3.2.xsd=org/springframework/aop/config/spring-aop-3.2.xsd, http://www.springframework.org/schema/jee/spring-jee-3.0.xsd=org/springframework/ejb/config/spring-jee-3.0.xsd, http://www.springframework.org/schema/jee/spring-jee-2.0.xsd=org/springframework/ejb/config/spring-jee-2.0.xsd, http://www.springframework.org/schema/context/spring-context-3.1.xsd=org/springframework/context/config/spring-context-3.1.xsd, http://www.springframework.org/schema/util/spring-util-3.1.xsd=org/springframework/beans/factory/xml/spring-util-3.1.xsd, http://www.springframework.org/schema/lang/spring-lang-3.1.xsd=org/springframework/scripting/config/spring-lang-3.1.xsd, http://www.springframework.org/schema/cache/spring-cache-3.1.xsd=org/springframework/cache/config/spring-cache-3.1.xsd, http://www.springframework.org/schema/context/spring-context.xsd=org/springframework/context/config/spring-context-3.2.xsd, http://www.springframework.org/schema/jee/spring-jee.xsd=org/springframework/ejb/config/spring-jee-3.2.xsd, http://www.springframework.org/schema/aop/spring-aop-2.5.xsd=org/springframework/aop/config/spring-aop-2.5.xsd, http://www.springframework.org/schema/beans/spring-beans-3.2.xsd=org/springframework/beans/factory/xml/spring-beans-3.2.xsd, http://www.springframework.org/schema/aop/spring-aop-3.1.xsd=org/springframework/aop/config/spring-aop-3.1.xsd, http://www.springframework.org/schema/task/spring-task-3.2.xsd=org/springframework/scheduling/config/spring-task-3.2.xsd, http://www.springframework.org/schema/context/spring-context-3.0.xsd=org/springframework/context/config/spring-context-3.0.xsd, http://www.springframework.org/schema/tool/spring-tool.xsd=org/springframework/beans/factory/xml/spring-tool-3.2.xsd, http://www.springframework.org/schema/util/spring-util-3.0.xsd=org/springframework/beans/factory/xml/spring-util-3.0.xsd, http://www.springframework.org/schema/util/spring-util-2.0.xsd=org/springframework/beans/factory/xml/spring-util-2.0.xsd, http://www.springframework.org/schema/lang/spring-lang-3.0.xsd=org/springframework/scripting/config/spring-lang-3.0.xsd, http://www.springframework.org/schema/lang/spring-lang-2.0.xsd=org/springframework/scripting/config/spring-lang-2.0.xsd, http://www.springframework.org/schema/tool/spring-tool-3.2.xsd=org/springframework/beans/factory/xml/spring-tool-3.2.xsd, http://www.springframework.org/schema/beans/spring-beans-2.5.xsd=org/springframework/beans/factory/xml/spring-beans-2.5.xsd}
2016-08-12 16:32:08,713                            DEBUG [PluggableSchemaResolver                 ] - Found XML schema [http://www.springframework.org/schema/beans/spring-beans-3.0.xsd] in classpath: org/springframework/beans/factory/xml/spring-beans-3.0.xsd
2016-08-12 16:32:08,769                            DEBUG [DefaultBeanDefinitionDocumentReader     ] - Loading bean definitions
2016-08-12 16:32:08,787                            INFO  [XmlBeanDefinitionReader                 ] - Loading XML bean definitions from class path resource [spring/app-service.xml]
2016-08-12 16:32:08,790                            DEBUG [DefaultDocumentLoader                   ] - Using JAXP provider [com.sun.org.apache.xerces.internal.jaxp.DocumentBuilderFactoryImpl]
2016-08-12 16:32:08,792                            DEBUG [PluggableSchemaResolver                 ] - Found XML schema [http://www.springframework.org/schema/beans/spring-beans-3.0.xsd] in classpath: org/springframework/beans/factory/xml/spring-beans-3.0.xsd
2016-08-12 16:32:08,818                            DEBUG [DefaultBeanDefinitionDocumentReader     ] - Loading bean definitions
2016-08-12 16:32:08,833                            DEBUG [AbstractBeanDefinitionReader            ] - Loaded 3 bean definitions from location pattern [classpath:spring/app-service.xml]
2016-08-12 16:32:08,833                            DEBUG [DefaultBeanDefinitionDocumentReader     ] - Imported 3 bean definitions from URL location [classpath:spring/app-service.xml]
2016-08-12 16:32:08,834                            DEBUG [AbstractBeanDefinitionReader            ] - Loaded 3 bean definitions from location pattern [classpath:applicationContext.xml]
2016-08-12 16:32:08,847                            INFO  [AbstractApplicationContext              ] - Refreshing org.springframework.context.support.GenericApplicationContext@ca671a: startup date [Fri Aug 12 16:32:08 CST 2016]; root of context hierarchy
2016-08-12 16:32:08,848                            DEBUG [AbstractApplicationContext              ] - Bean factory for org.springframework.context.support.GenericApplicationContext@ca671a: org.springframework.beans.factory.support.DefaultListableBeanFactory@6bd4a9: defining beans [edgeServiceInterceptor,loginEdgeServiceTarget,loginEdgeService,org.springframework.context.annotation.internalConfigurationAnnotationProcessor,org.springframework.context.annotation.internalAutowiredAnnotationProcessor,org.springframework.context.annotation.internalRequiredAnnotationProcessor,org.springframework.context.annotation.internalCommonAnnotationProcessor]; root of factory hierarchy
2016-08-12 16:32:08,872                            DEBUG [DefaultSingletonBeanRegistry            ] - Creating shared instance of singleton bean 'org.springframework.context.annotation.internalConfigurationAnnotationProcessor'
2016-08-12 16:32:08,872                            DEBUG [AbstractAutowireCapableBeanFactory      ] - Creating instance of bean 'org.springframework.context.annotation.internalConfigurationAnnotationProcessor'
2016-08-12 16:32:08,900                            DEBUG [AbstractAutowireCapableBeanFactory      ] - Eagerly caching bean 'org.springframework.context.annotation.internalConfigurationAnnotationProcessor' to allow for resolving potential circular references
2016-08-12 16:32:08,904                            DEBUG [AbstractAutowireCapableBeanFactory      ] - Finished creating instance of bean 'org.springframework.context.annotation.internalConfigurationAnnotationProcessor'
2016-08-12 16:32:08,954                            DEBUG [DefaultSingletonBeanRegistry            ] - Creating shared instance of singleton bean 'org.springframework.context.annotation.internalAutowiredAnnotationProcessor'
2016-08-12 16:32:08,954                            DEBUG [AbstractAutowireCapableBeanFactory      ] - Creating instance of bean 'org.springframework.context.annotation.internalAutowiredAnnotationProcessor'
2016-08-12 16:32:08,956                            DEBUG [AbstractAutowireCapableBeanFactory      ] - Eagerly caching bean 'org.springframework.context.annotation.internalAutowiredAnnotationProcessor' to allow for resolving potential circular references
2016-08-12 16:32:08,956                            DEBUG [AbstractAutowireCapableBeanFactory      ] - Finished creating instance of bean 'org.springframework.context.annotation.internalAutowiredAnnotationProcessor'
2016-08-12 16:32:08,957                            DEBUG [DefaultSingletonBeanRegistry            ] - Creating shared instance of singleton bean 'org.springframework.context.annotation.internalRequiredAnnotationProcessor'
2016-08-12 16:32:08,957                            DEBUG [AbstractAutowireCapableBeanFactory      ] - Creating instance of bean 'org.springframework.context.annotation.internalRequiredAnnotationProcessor'
2016-08-12 16:32:08,958                            DEBUG [AbstractAutowireCapableBeanFactory      ] - Eagerly caching bean 'org.springframework.context.annotation.internalRequiredAnnotationProcessor' to allow for resolving potential circular references
2016-08-12 16:32:08,959                            DEBUG [AbstractAutowireCapableBeanFactory      ] - Finished creating instance of bean 'org.springframework.context.annotation.internalRequiredAnnotationProcessor'
2016-08-12 16:32:08,959                            DEBUG [DefaultSingletonBeanRegistry            ] - Creating shared instance of singleton bean 'org.springframework.context.annotation.internalCommonAnnotationProcessor'
2016-08-12 16:32:08,959                            DEBUG [AbstractAutowireCapableBeanFactory      ] - Creating instance of bean 'org.springframework.context.annotation.internalCommonAnnotationProcessor'
2016-08-12 16:32:08,966                            DEBUG [AbstractAutowireCapableBeanFactory      ] - Eagerly caching bean 'org.springframework.context.annotation.internalCommonAnnotationProcessor' to allow for resolving potential circular references
2016-08-12 16:32:08,966                            DEBUG [AbstractAutowireCapableBeanFactory      ] - Finished creating instance of bean 'org.springframework.context.annotation.internalCommonAnnotationProcessor'
2016-08-12 16:32:08,967                            DEBUG [DefaultSingletonBeanRegistry            ] - Creating shared instance of singleton bean 'org.springframework.context.annotation.ConfigurationClassPostProcessor.importAwareProcessor'
2016-08-12 16:32:08,967                            DEBUG [AbstractAutowireCapableBeanFactory      ] - Creating instance of bean 'org.springframework.context.annotation.ConfigurationClassPostProcessor.importAwareProcessor'
2016-08-12 16:32:08,967                            DEBUG [AbstractAutowireCapableBeanFactory      ] - Eagerly caching bean 'org.springframework.context.annotation.ConfigurationClassPostProcessor.importAwareProcessor' to allow for resolving potential circular references
2016-08-12 16:32:08,968                            DEBUG [AbstractAutowireCapableBeanFactory      ] - Finished creating instance of bean 'org.springframework.context.annotation.ConfigurationClassPostProcessor.importAwareProcessor'
2016-08-12 16:32:08,972                            DEBUG [AbstractApplicationContext              ] - Unable to locate MessageSource with name 'messageSource': using default [org.springframework.context.support.DelegatingMessageSource@1176704]
2016-08-12 16:32:08,975                            DEBUG [AbstractApplicationContext              ] - Unable to locate ApplicationEventMulticaster with name 'applicationEventMulticaster': using default [org.springframework.context.event.SimpleApplicationEventMulticaster@15be530]
2016-08-12 16:32:08,977                            INFO  [DefaultListableBeanFactory              ] - Pre-instantiating singletons in org.springframework.beans.factory.support.DefaultListableBeanFactory@6bd4a9: defining beans [edgeServiceInterceptor,loginEdgeServiceTarget,loginEdgeService,org.springframework.context.annotation.internalConfigurationAnnotationProcessor,org.springframework.context.annotation.internalAutowiredAnnotationProcessor,org.springframework.context.annotation.internalRequiredAnnotationProcessor,org.springframework.context.annotation.internalCommonAnnotationProcessor,org.springframework.context.annotation.ConfigurationClassPostProcessor.importAwareProcessor]; root of factory hierarchy
2016-08-12 16:32:08,977                            DEBUG [DefaultSingletonBeanRegistry            ] - Creating shared instance of singleton bean 'edgeServiceInterceptor'
2016-08-12 16:32:08,978                            DEBUG [AbstractAutowireCapableBeanFactory      ] - Creating instance of bean 'edgeServiceInterceptor'
2016-08-12 16:32:08,990                            DEBUG [AbstractAutowireCapableBeanFactory      ] - Eagerly caching bean 'edgeServiceInterceptor' to allow for resolving potential circular references
2016-08-12 16:32:09,005                            DEBUG [AbstractAutowireCapableBeanFactory      ] - Finished creating instance of bean 'edgeServiceInterceptor'
2016-08-12 16:32:09,006                            DEBUG [DefaultSingletonBeanRegistry            ] - Creating shared instance of singleton bean 'loginEdgeServiceTarget'
2016-08-12 16:32:09,006                            DEBUG [AbstractAutowireCapableBeanFactory      ] - Creating instance of bean 'loginEdgeServiceTarget'
2016-08-12 16:32:09,007                            DEBUG [AbstractAutowireCapableBeanFactory      ] - Eagerly caching bean 'loginEdgeServiceTarget' to allow for resolving potential circular references
2016-08-12 16:32:09,009                            DEBUG [AbstractAutowireCapableBeanFactory      ] - Finished creating instance of bean 'loginEdgeServiceTarget'
2016-08-12 16:32:09,010                            DEBUG [DefaultSingletonBeanRegistry            ] - Creating shared instance of singleton bean 'loginEdgeService'
2016-08-12 16:32:09,010                            DEBUG [AbstractAutowireCapableBeanFactory      ] - Creating instance of bean 'loginEdgeService'
2016-08-12 16:32:09,031                            DEBUG [AbstractAutowireCapableBeanFactory      ] - Eagerly caching bean 'loginEdgeService' to allow for resolving potential circular references
2016-08-12 16:32:09,085                            DEBUG [AbstractBeanFactory                     ] - Returning cached instance of singleton bean 'loginEdgeServiceTarget'
2016-08-12 16:32:09,087                            DEBUG [AbstractAutowireCapableBeanFactory      ] - Finished creating instance of bean 'loginEdgeService'
2016-08-12 16:32:09,088                            DEBUG [AbstractBeanFactory                     ] - Returning cached instance of singleton bean 'org.springframework.context.annotation.internalConfigurationAnnotationProcessor'
2016-08-12 16:32:09,088                            DEBUG [AbstractBeanFactory                     ] - Returning cached instance of singleton bean 'org.springframework.context.annotation.internalAutowiredAnnotationProcessor'
2016-08-12 16:32:09,088                            DEBUG [AbstractBeanFactory                     ] - Returning cached instance of singleton bean 'org.springframework.context.annotation.internalRequiredAnnotationProcessor'
2016-08-12 16:32:09,088                            DEBUG [AbstractBeanFactory                     ] - Returning cached instance of singleton bean 'org.springframework.context.annotation.internalCommonAnnotationProcessor'
2016-08-12 16:32:09,089                            DEBUG [AbstractBeanFactory                     ] - Returning cached instance of singleton bean 'org.springframework.context.annotation.ConfigurationClassPostProcessor.importAwareProcessor'
2016-08-12 16:32:09,091                            DEBUG [AbstractApplicationContext              ] - Unable to locate LifecycleProcessor with name 'lifecycleProcessor': using default [org.springframework.context.support.DefaultLifecycleProcessor@1f4bcdb]
2016-08-12 16:32:09,092                            DEBUG [AbstractBeanFactory                     ] - Returning cached instance of singleton bean 'lifecycleProcessor'
2016-08-12 16:32:09,094                            DEBUG [PropertySourcesPropertyResolver         ] - Searching for key 'spring.liveBeansView.mbeanDomain' in [systemProperties]
2016-08-12 16:32:09,095                            DEBUG [PropertySourcesPropertyResolver         ] - Searching for key 'spring.liveBeansView.mbeanDomain' in [systemEnvironment]
2016-08-12 16:32:09,095                            DEBUG [PropertySourcesPropertyResolver         ] - Could not find key 'spring.liveBeansView.mbeanDomain' in any property source. Returning [null]
2016-08-12 16:32:09,096                            DEBUG [CacheAwareContextLoaderDelegate         ] - Storing ApplicationContext in cache under key [[MergedContextConfiguration@6972f1 testClass = ServiceTest, locations = '{classpath:applicationContext.xml}', classes = '{}', contextInitializerClasses = '[]', activeProfiles = '{}', contextLoader = 'org.springframework.test.context.support.DelegatingSmartContextLoader', parent = [null]]].
2016-08-12 16:32:09,103                            DEBUG [InjectionMetadata                       ] - Processing injected method of bean 'org.learn.text.ServiceTest': ResourceElement for protected org.learn.edge.login.service.LoginEdgeService org.learn.text.ServiceTest.loginEdgeService
2016-08-12 16:32:09,103                            DEBUG [AbstractBeanFactory                     ] - Returning cached instance of singleton bean 'loginEdgeService'
2016-08-12 16:32:09,104                            DEBUG [AbstractBeanFactory                     ] - Returning cached instance of singleton bean 'edgeServiceInterceptor'
2016-08-12 16:32:09,106                            DEBUG [ProxyFactoryBean                        ] - Advice has changed; recaching singleton instance
2016-08-12 16:32:09,107                            DEBUG [ProxyFactoryBean                        ] - Advice has changed; recaching singleton instance
2016-08-12 16:32:09,108                            DEBUG [JdkDynamicAopProxy                      ] - Creating JDK dynamic proxy: target source is SingletonTargetSource for target object [org.learn.edge.login.service.LoginEdgeServiceImpl@18dce5b]
2016-08-12 16:32:12,124                            ERROR [LoginEdgeServiceImpl                    ] - updatePassword success
2016-08-12 16:32:12,131                            INFO  [EdgeServiceProxy                        ] - Service [org.learn.edge.login.service.LoginEdgeService] method[updatePassword] returned used [3001]ms
2016-08-12 16:32:12,259                            DEBUG [EdgeServiceProxy                        ] - Service [org.learn.edge.login.service.LoginEdgeService] method[updatePassword] parameter [["111111"]] return [true].
2016-08-12 16:32:12,261                            DEBUG [DirtiesContextTestExecutionListener     ] - After test method: context [[TestContext@154c08a testClass = ServiceTest, testInstance = org.learn.text.ServiceTest@12cdd20, testMethod = testReport@ServiceTest, testException = [null], mergedContextConfiguration = [MergedContextConfiguration@6972f1 testClass = ServiceTest, locations = '{classpath:applicationContext.xml}', classes = '{}', contextInitializerClasses = '[]', activeProfiles = '{}', contextLoader = 'org.springframework.test.context.support.DelegatingSmartContextLoader', parent = [null]]]], class dirties context [false], class mode [null], method dirties context [false].
2016-08-12 16:32:12,262                            DEBUG [DirtiesContextTestExecutionListener     ] - After test class: context [[TestContext@154c08a testClass = ServiceTest, testInstance = [null], testMethod = [null], testException = [null], mergedContextConfiguration = [MergedContextConfiguration@6972f1 testClass = ServiceTest, locations = '{classpath:applicationContext.xml}', classes = '{}', contextInitializerClasses = '[]', activeProfiles = '{}', contextLoader = 'org.springframework.test.context.support.DelegatingSmartContextLoader', parent = [null]]]], dirtiesContext [false].
2016-08-12 16:32:12,264                            INFO  [AbstractApplicationContext              ] - Closing org.springframework.context.support.GenericApplicationContext@ca671a: startup date [Fri Aug 12 16:32:08 CST 2016]; root of context hierarchy
2016-08-12 16:32:12,265                            DEBUG [AbstractBeanFactory                     ] - Returning cached instance of singleton bean 'lifecycleProcessor'
2016-08-12 16:32:12,266                            INFO  [DefaultSingletonBeanRegistry            ] - Destroying singletons in org.springframework.beans.factory.support.DefaultListableBeanFactory@6bd4a9: defining beans [edgeServiceInterceptor,loginEdgeServiceTarget,loginEdgeService,org.springframework.context.annotation.internalConfigurationAnnotationProcessor,org.springframework.context.annotation.internalAutowiredAnnotationProcessor,org.springframework.context.annotation.internalRequiredAnnotationProcessor,org.springframework.context.annotation.internalCommonAnnotationProcessor,org.springframework.context.annotation.ConfigurationClassPostProcessor.importAwareProcessor]; root of factory hierarchy
2016-08-12 16:32:12,266                            DEBUG [DefaultSingletonBeanRegistry            ] - Retrieved dependent beans for bean 'loginEdgeService': [org.learn.text.ServiceTest]
